╔══════════════════════════════════════════════════════╗
║    MyJobMag Kenya — DEEP SCRAPE (overnight mode)    ║
╚══════════════════════════════════════════════════════╝
Max pages per section : 9999
Delay between requests: 1000 ms
Started at            : 2026-03-13T22:04:08.984Z

  Trying sitemap: https://www.myjobmag.co.ke/sitemap.xml
    https://www.myjobmag.co.ke/sitemap → 0 job URLs
  Trying sitemap: https://www.myjobmag.co.ke/sitemap_index.xml
  Trying sitemap: https://www.myjobmag.co.ke/post-sitemap.xml
  Trying sitemap: https://www.myjobmag.co.ke/jobs-sitemap.xml

Phase 1 — Main listing: https://www.myjobmag.co.ke
  p1: 39 jobs (1 new) | total new so far: 0
  p2: 35 jobs (0 new) | total new so far: 1
  p3: 62 jobs (0 new) | total new so far: 1
  p4: 35 jobs (0 new) | total new so far: 1
  p5: 60 jobs (0 new) | total new so far: 1
  p6: 78 jobs (77 new) | total new so far: 1
  p7: 38 jobs (37 new) | total new so far: 78
  p8: 46 jobs (46 new) | total new so far: 115
  p9: 78 jobs (78 new) | total new so far: 161
  p10: 46 jobs (46 new) | total new so far: 239
  p11: 36 jobs (35 new) | total new so far: 285
  p12: 41 jobs (40 new) | total new so far: 320
  p13: 35 jobs (34 new) | total new so far: 360
  p14: 45 jobs (42 new) | total new so far: 394
  p15: 61 jobs (61 new) | total new so far: 436
  p16: 45 jobs (44 new) | total new so far: 497
  p17: 57 jobs (56 new) | total new so far: 541
  p18: 46 jobs (46 new) | total new so far: 597
  p19: 43 jobs (43 new) | total new so far: 643
  p20: 43 jobs (42 new) | total new so far: 686
  p21: 36 jobs (35 new) | total new so far: 728
  p22: 77 jobs (75 new) | total new so far: 763
  p23: 38 jobs (37 new) | total new so far: 838
  p24: 37 jobs (37 new) | total new so far: 875
  p25: 56 jobs (55 new) | total new so far: 912
  p26: 43 jobs (41 new) | total new so far: 967
  p27: 33 jobs (33 new) | total new so far: 1008
  p28: 61 jobs (60 new) | total new so far: 1041
  p29: 79 jobs (78 new) | total new so far: 1101
  p30: 37 jobs (36 new) | total new so far: 1179
  p31: 69 jobs (68 new) | total new so far: 1215
  p32: 93 jobs (92 new) | total new so far: 1283
  p33: 40 jobs (38 new) | total new so far: 1375
  p34: 76 jobs (74 new) | total new so far: 1413
  p35: 85 jobs (84 new) | total new so far: 1487
  p36: 129 jobs (128 new) | total new so far: 1571
  p37: 40 jobs (39 new) | total new so far: 1699
  p38: 33 jobs (32 new) | total new so far: 1738
  p39: 44 jobs (43 new) | total new so far: 1770
  p40: 54 jobs (53 new) | total new so far: 1813
  p41: 33 jobs (31 new) | total new so far: 1866
  p42: 49 jobs (48 new) | total new so far: 1897
  p43: 39 jobs (37 new) | total new so far: 1945
  p44: 40 jobs (39 new) | total new so far: 1982
  p45: 52 jobs (50 new) | total new so far: 2021
  p46: 91 jobs (90 new) | total new so far: 2071
  p47: 54 jobs (53 new) | total new so far: 2161
  p48: 52 jobs (50 new) | total new so far: 2214
  p49: 71 jobs (70 new) | total new so far: 2264
  p50: 75 jobs (74 new) | total new so far: 2334
  p51: 34 jobs (33 new) | total new so far: 2408
  p52: 41 jobs (40 new) | total new so far: 2441
  p53: 67 jobs (66 new) | total new so far: 2481
  p54: 85 jobs (84 new) | total new so far: 2547
  p55: 67 jobs (66 new) | total new so far: 2631
  p56: 58 jobs (56 new) | total new so far: 2697
  p57: 34 jobs (32 new) | total new so far: 2753
  p58: 67 jobs (66 new) | total new so far: 2785
  p59: 51 jobs (50 new) | total new so far: 2851
  p60: 68 jobs (66 new) | total new so far: 2901
  p61: 41 jobs (39 new) | total new so far: 2967
  p62: 89 jobs (88 new) | total new so far: 3006
  p63: 52 jobs (51 new) | total new so far: 3094
  p64: 50 jobs (49 new) | total new so far: 3145
  p65: 37 jobs (36 new) | total new so far: 3194
  p66: 48 jobs (47 new) | total new so far: 3230
  p67: 59 jobs (58 new) | total new so far: 3277
  p68: 43 jobs (42 new) | total new so far: 3335
  p69: 62 jobs (61 new) | total new so far: 3377
  p70: 40 jobs (39 new) | total new so far: 3438
  p71: 80 jobs (79 new) | total new so far: 3477
  p72: 41 jobs (40 new) | total new so far: 3556
  p73: 68 jobs (67 new) | total new so far: 3596
  p74: 37 jobs (36 new) | total new so far: 3663
  p75: 41 jobs (40 new) | total new so far: 3699
  p76: 41 jobs (40 new) | total new so far: 3739
  p77: 37 jobs (36 new) | total new so far: 3779
  p78: 72 jobs (71 new) | total new so far: 3815
  p79: 82 jobs (81 new) | total new so far: 3886
  p80: 50 jobs (49 new) | total new so far: 3967
  p81: 42 jobs (41 new) | total new so far: 4016
  p82: 41 jobs (40 new) | total new so far: 4057
  p83: 36 jobs (35 new) | total new so far: 4097
  p84: 50 jobs (49 new) | total new so far: 4132
  p85: 41 jobs (40 new) | total new so far: 4181
  p86: 78 jobs (77 new) | total new so far: 4221
  p87: 43 jobs (42 new) | total new so far: 4298
  p88: 54 jobs (53 new) | total new so far: 4340
  p89: 63 jobs (62 new) | total new so far: 4393
  p90: 41 jobs (40 new) | total new so far: 4455
  p91: 70 jobs (69 new) | total new so far: 4495
  p92: 66 jobs (65 new) | total new so far: 4564
  p93: 34 jobs (33 new) | total new so far: 4629
  p94: 49 jobs (48 new) | total new so far: 4662
  p95: 43 jobs (42 new) | total new so far: 4710
  p96: 37 jobs (36 new) | total new so far: 4752
  p97: 60 jobs (59 new) | total new so far: 4788
  p98: 32 jobs (31 new) | total new so far: 4847
  p99: 46 jobs (45 new) | total new so far: 4878
  p100: 38 jobs (37 new) | total new so far: 4923
  p101: 41 jobs (40 new) | total new so far: 4960
  p102: 51 jobs (50 new) | total new so far: 5000
  p103: 41 jobs (40 new) | total new so far: 5050
  p104: 51 jobs (50 new) | total new so far: 5090
  p105: 57 jobs (56 new) | total new so far: 5140
  p106: 39 jobs (38 new) | total new so far: 5196
  p107: 52 jobs (51 new) | total new so far: 5234
  p108: 34 jobs (33 new) | total new so far: 5285
  p109: 47 jobs (46 new) | total new so far: 5318
  p110: 52 jobs (51 new) | total new so far: 5364
  p111: 67 jobs (66 new) | total new so far: 5415
  p112: 69 jobs (68 new) | total new so far: 5481
  p113: 48 jobs (47 new) | total new so far: 5549
  p114: 46 jobs (45 new) | total new so far: 5596
  p115: 49 jobs (48 new) | total new so far: 5641
  p116: 37 jobs (36 new) | total new so far: 5689
  p117: 44 jobs (43 new) | total new so far: 5725
  p118: 39 jobs (38 new) | total new so far: 5768
  p119: 59 jobs (58 new) | total new so far: 5806
  p120: 49 jobs (48 new) | total new so far: 5864
  p121: 74 jobs (73 new) | total new so far: 5912
  p122: 45 jobs (44 new) | total new so far: 5985
  p123: 50 jobs (49 new) | total new so far: 6029
  p124: 46 jobs (45 new) | total new so far: 6078
  p125: 92 jobs (91 new) | total new so far: 6123
  p126: 70 jobs (69 new) | total new so far: 6214
  p127: 41 jobs (40 new) | total new so far: 6283
  p128: 72 jobs (71 new) | total new so far: 6323
  p129: 33 jobs (32 new) | total new so far: 6394
  p130: 88 jobs (87 new) | total new so far: 6426
  p131: 35 jobs (34 new) | total new so far: 6513
  p132: 72 jobs (71 new) | total new so far: 6547
  p133: 48 jobs (47 new) | total new so far: 6618
  p134: 50 jobs (49 new) | total new so far: 6665
  p135: 36 jobs (35 new) | total new so far: 6714
  p136: 54 jobs (53 new) | total new so far: 6749
  p137: 49 jobs (48 new) | total new so far: 6802
  p138: 37 jobs (36 new) | total new so far: 6850
  p139: 36 jobs (35 new) | total new so far: 6886
  p140: 48 jobs (47 new) | total new so far: 6921
  p141: 52 jobs (51 new) | total new so far: 6968
  p142: 59 jobs (58 new) | total new so far: 7019
  p143: 34 jobs (33 new) | total new so far: 7077
  p144: 38 jobs (37 new) | total new so far: 7110
  p145: 37 jobs (36 new) | total new so far: 7147
  p146: 67 jobs (66 new) | total new so far: 7183
  p147: 39 jobs (38 new) | total new so far: 7249
  p148: 79 jobs (78 new) | total new so far: 7287
  p149: 41 jobs (40 new) | total new so far: 7365
  p150: 51 jobs (50 new) | total new so far: 7405
  p151: 42 jobs (41 new) | total new so far: 7455
  p152: 55 jobs (54 new) | total new so far: 7496
  p153: 50 jobs (49 new) | total new so far: 7550
  p154: 37 jobs (36 new) | total new so far: 7599
  p155: 44 jobs (43 new) | total new so far: 7635
  p156: 93 jobs (92 new) | total new so far: 7678
  p157: 45 jobs (44 new) | total new so far: 7770
  p158: 51 jobs (50 new) | total new so far: 7814
  p159: 83 jobs (82 new) | total new so far: 7864
  p160: 40 jobs (39 new) | total new so far: 7946
  p161: 35 jobs (34 new) | total new so far: 7985
  p162: 85 jobs (84 new) | total new so far: 8019
  p163: 43 jobs (42 new) | total new so far: 8103
  p164: 79 jobs (78 new) | total new so far: 8145
  p165: 47 jobs (46 new) | total new so far: 8223
  p166: 33 jobs (32 new) | total new so far: 8269
  p167: 32 jobs (31 new) | total new so far: 8301
  p168: 43 jobs (42 new) | total new so far: 8332
  p169: 42 jobs (41 new) | total new so far: 8374
  p170: 51 jobs (50 new) | total new so far: 8415
  p171: 93 jobs (92 new) | total new so far: 8465
  p172: 54 jobs (53 new) | total new so far: 8557
  p173: 46 jobs (45 new) | total new so far: 8610
  p174: 37 jobs (36 new) | total new so far: 8655
  p175: 45 jobs (44 new) | total new so far: 8691
  p176: 40 jobs (39 new) | total new so far: 8735
  p177: 57 jobs (56 new) | total new so far: 8774
  p178: 50 jobs (49 new) | total new so far: 8830
  p179: 45 jobs (44 new) | total new so far: 8879
  p180: 45 jobs (44 new) | total new so far: 8923
  p181: 31 jobs (30 new) | total new so far: 8967
  p182: 50 jobs (49 new) | total new so far: 8997
  p183: 42 jobs (41 new) | total new so far: 9046
  p184: 63 jobs (62 new) | total new so far: 9087
  p185: 41 jobs (40 new) | total new so far: 9149
  p186: 49 jobs (48 new) | total new so far: 9189
  p187: 56 jobs (55 new) | total new so far: 9237
  p188: 53 jobs (52 new) | total new so far: 9292
  p189: 45 jobs (44 new) | total new so far: 9344
  p190: 42 jobs (41 new) | total new so far: 9388
  p191: 42 jobs (41 new) | total new so far: 9429
  p192: 65 jobs (64 new) | total new so far: 9470
  p193: 57 jobs (56 new) | total new so far: 9534
  p194: 77 jobs (76 new) | total new so far: 9590
  p195: 32 jobs (31 new) | total new so far: 9666
  p196: 39 jobs (38 new) | total new so far: 9697
  p197: 85 jobs (84 new) | total new so far: 9735
  p198: 39 jobs (38 new) | total new so far: 9819
  p199: 45 jobs (44 new) | total new so far: 9857
  p200: 36 jobs (35 new) | total new so far: 9901
  p201: 37 jobs (36 new) | total new so far: 9936
  p202: 65 jobs (64 new) | total new so far: 9972
  p203: 73 jobs (72 new) | total new so far: 10036
  p204: 40 jobs (39 new) | total new so far: 10108
  p205: 72 jobs (71 new) | total new so far: 10147
  p206: 103 jobs (102 new) | total new so far: 10218
  p207: 50 jobs (49 new) | total new so far: 10320
  p208: 47 jobs (46 new) | total new so far: 10369
  p209: 35 jobs (34 new) | total new so far: 10415
  p210: 34 jobs (33 new) | total new so far: 10449
  p211: 38 jobs (37 new) | total new so far: 10482
  p212: 92 jobs (91 new) | total new so far: 10519
  p213: 63 jobs (62 new) | total new so far: 10610
  p214: 111 jobs (110 new) | total new so far: 10672
  p215: 63 jobs (62 new) | total new so far: 10782
  p216: 96 jobs (95 new) | total new so far: 10844
  p217: 80 jobs (79 new) | total new so far: 10939
  p218: 80 jobs (79 new) | total new so far: 11018
  p219: 61 jobs (60 new) | total new so far: 11097
  p220: 70 jobs (69 new) | total new so far: 11157
  p221: 69 jobs (68 new) | total new so far: 11226
  p222: 79 jobs (78 new) | total new so far: 11294
  p223: 51 jobs (50 new) | total new so far: 11372
  p224: 36 jobs (35 new) | total new so far: 11422
  p225: 81 jobs (80 new) | total new so far: 11457
  p226: 85 jobs (84 new) | total new so far: 11537
  p227: 30 jobs (29 new) | total new so far: 11621
  p228: 39 jobs (38 new) | total new so far: 11650
  p229: 59 jobs (58 new) | total new so far: 11688
  p230: 43 jobs (41 new) | total new so far: 11746
  p231: 40 jobs (39 new) | total new so far: 11787
  p232: 39 jobs (37 new) | total new so far: 11826
  p233: 37 jobs (34 new) | total new so far: 11863
  p234: 35 jobs (33 new) | total new so far: 11897
  p235: 42 jobs (41 new) | total new so far: 11930
  p236: 37 jobs (36 new) | total new so far: 11971
  p237: 42 jobs (41 new) | total new so far: 12007
  p238: 33 jobs (31 new) | total new so far: 12048
  p239: 32 jobs (30 new) | total new so far: 12079
  p240: 42 jobs (41 new) | total new so far: 12109
  p241: 64 jobs (61 new) | total new so far: 12150
  p242: 30 jobs (28 new) | total new so far: 12211
  p243: 66 jobs (65 new) | total new so far: 12239
  p244: 35 jobs (32 new) | total new so far: 12304
  p245: 71 jobs (70 new) | total new so far: 12336
  p246: 45 jobs (43 new) | total new so far: 12406
  p247: 49 jobs (46 new) | total new so far: 12449
  p248: 86 jobs (85 new) | total new so far: 12495
  p249: 51 jobs (50 new) | total new so far: 12580
  p250: 53 jobs (51 new) | total new so far: 12630
  p251: 61 jobs (60 new) | total new so far: 12681
  p252: 37 jobs (36 new) | total new so far: 12741
  p253: 43 jobs (42 new) | total new so far: 12777
  p254: 43 jobs (42 new) | total new so far: 12819
  p255: 78 jobs (77 new) | total new so far: 12861
  p256: 57 jobs (56 new) | total new so far: 12938
  p257: 39 jobs (38 new) | total new so far: 12994
  p258: 51 jobs (50 new) | total new so far: 13032
  p259: 35 jobs (34 new) | total new so far: 13082
  p260: 35 jobs (34 new) | total new so far: 13116
  p261: 46 jobs (45 new) | total new so far: 13150
  p262: 61 jobs (60 new) | total new so far: 13195
  p263: 49 jobs (48 new) | total new so far: 13255
  p264: 44 jobs (41 new) | total new so far: 13303
  p265: 81 jobs (80 new) | total new so far: 13344
  p266: 37 jobs (36 new) | total new so far: 13424
  p267: 34 jobs (33 new) | total new so far: 13460
  p268: 45 jobs (44 new) | total new so far: 13493
  p269: 48 jobs (47 new) | total new so far: 13537
  p270: 34 jobs (33 new) | total new so far: 13584
  p271: 81 jobs (80 new) | total new so far: 13617
  p272: 56 jobs (55 new) | total new so far: 13697
  p273: 114 jobs (113 new) | total new so far: 13752
  p274: 42 jobs (41 new) | total new so far: 13865
  p275: 71 jobs (70 new) | total new so far: 13906
  p276: 67 jobs (66 new) | total new so far: 13976
  p277: 44 jobs (43 new) | total new so far: 14042
  p278: 39 jobs (38 new) | total new so far: 14085
  p279: 58 jobs (57 new) | total new so far: 14123
  p280: 63 jobs (62 new) | total new so far: 14180
  p281: 84 jobs (83 new) | total new so far: 14242
  p282: 43 jobs (42 new) | total new so far: 14325
  p283: 38 jobs (37 new) | total new so far: 14367
  p284: 74 jobs (73 new) | total new so far: 14404
  p285: 36 jobs (35 new) | total new so far: 14477
  p286: 37 jobs (36 new) | total new so far: 14512
  p287: 72 jobs (71 new) | total new so far: 14548
  p288: 80 jobs (79 new) | total new so far: 14619
  p289: 41 jobs (40 new) | total new so far: 14698
  p290: 75 jobs (74 new) | total new so far: 14738
  p291: 69 jobs (68 new) | total new so far: 14812
  p292: 44 jobs (43 new) | total new so far: 14880
  p293: 49 jobs (48 new) | total new so far: 14923
  p294: 59 jobs (58 new) | total new so far: 14971
  p295: 52 jobs (51 new) | total new so far: 15029
  p296: 50 jobs (49 new) | total new so far: 15080
  p297: 96 jobs (95 new) | total new so far: 15129
  p298: 36 jobs (35 new) | total new so far: 15224
  p299: 38 jobs (37 new) | total new so far: 15259
  p300: 41 jobs (40 new) | total new so far: 15296
  p301: 45 jobs (44 new) | total new so far: 15336
  p302: 41 jobs (40 new) | total new so far: 15380
  p303: 38 jobs (37 new) | total new so far: 15420
  p304: 33 jobs (32 new) | total new so far: 15457
  p305: 48 jobs (47 new) | total new so far: 15489
  p306: 38 jobs (37 new) | total new so far: 15536
  p307: 36 jobs (35 new) | total new so far: 15573
  p308: 113 jobs (112 new) | total new so far: 15608
  p309: 48 jobs (47 new) | total new so far: 15720
  p310: 46 jobs (45 new) | total new so far: 15767
  p311: 37 jobs (36 new) | total new so far: 15812
  p312: 41 jobs (40 new) | total new so far: 15848
  p313: 44 jobs (43 new) | total new so far: 15888
  p314: 42 jobs (41 new) | total new so far: 15931
  p315: 39 jobs (38 new) | total new so far: 15972
  p316: 32 jobs (31 new) | total new so far: 16010
  p317: 55 jobs (54 new) | total new so far: 16041
  p318: 42 jobs (41 new) | total new so far: 16092
  p319: 40 jobs (39 new) | total new so far: 16133
  p320: 56 jobs (55 new) | total new so far: 16172
  p321: 34 jobs (33 new) | total new so far: 16227
  p322: 38 jobs (37 new) | total new so far: 16260
  p323: 64 jobs (63 new) | total new so far: 16297
  p324: 45 jobs (44 new) | total new so far: 16360
  p325: 63 jobs (62 new) | total new so far: 16404
  p326: 39 jobs (38 new) | total new so far: 16466
  p327: 45 jobs (44 new) | total new so far: 16504
  p328: 44 jobs (43 new) | total new so far: 16548
  p329: 72 jobs (71 new) | total new so far: 16591
  p330: 54 jobs (53 new) | total new so far: 16662
  p331: 63 jobs (62 new) | total new so far: 16715
  p332: 45 jobs (44 new) | total new so far: 16777
  p333: 49 jobs (48 new) | total new so far: 16821
  p334: 37 jobs (36 new) | total new so far: 16869
  p335: 33 jobs (32 new) | total new so far: 16905
  p336: 51 jobs (50 new) | total new so far: 16937
  p337: 111 jobs (110 new) | total new so far: 16987
  p338: 43 jobs (42 new) | total new so far: 17097
  p339: 73 jobs (72 new) | total new so far: 17139
  p340: 33 jobs (32 new) | total new so far: 17211
  p341: 47 jobs (44 new) | total new so far: 17243
  p342: 36 jobs (35 new) | total new so far: 17287
  p343: 42 jobs (41 new) | total new so far: 17322
  p344: 84 jobs (83 new) | total new so far: 17363
  p345: 43 jobs (42 new) | total new so far: 17446
  p346: 39 jobs (38 new) | total new so far: 17488
  p347: 98 jobs (97 new) | total new so far: 17526
  p348: 37 jobs (36 new) | total new so far: 17623
  p349: 39 jobs (38 new) | total new so far: 17659
  p350: 46 jobs (45 new) | total new so far: 17697
  p351: 51 jobs (50 new) | total new so far: 17742
  p352: 34 jobs (33 new) | total new so far: 17792
  p353: 41 jobs (40 new) | total new so far: 17825
  p354: 60 jobs (59 new) | total new so far: 17865
  p355: 41 jobs (40 new) | total new so far: 17924
  p356: 41 jobs (40 new) | total new so far: 17964
  p357: 33 jobs (32 new) | total new so far: 18004
  p358: 44 jobs (43 new) | total new so far: 18036
  p359: 31 jobs (30 new) | total new so far: 18079
  p360: 60 jobs (59 new) | total new so far: 18109
  p361: 42 jobs (41 new) | total new so far: 18168
  p362: 53 jobs (52 new) | total new so far: 18209
  p363: 43 jobs (42 new) | total new so far: 18261
  p364: 54 jobs (53 new) | total new so far: 18303
  p365: 34 jobs (33 new) | total new so far: 18356
  p366: 30 jobs (29 new) | total new so far: 18389
  p367: 45 jobs (44 new) | total new so far: 18418
  p368: 28 jobs (27 new) | total new so far: 18462
  p369: 35 jobs (34 new) | total new so far: 18489
  p370: 32 jobs (31 new) | total new so far: 18523
  p371: 44 jobs (43 new) | total new so far: 18554
  p372: 32 jobs (31 new) | total new so far: 18597
  p373: 49 jobs (48 new) | total new so far: 18628
  p374: 43 jobs (42 new) | total new so far: 18676
  p375: 30 jobs (29 new) | total new so far: 18718
  p376: 29 jobs (28 new) | total new so far: 18747
  p377: 47 jobs (46 new) | total new so far: 18775
  p378: 39 jobs (38 new) | total new so far: 18821
  p379: 54 jobs (53 new) | total new so far: 18859
  p380: 37 jobs (36 new) | total new so far: 18912
  p381: 32 jobs (31 new) | total new so far: 18948
  p382: 41 jobs (40 new) | total new so far: 18979
  p383: 54 jobs (53 new) | total new so far: 19019
  p384: 68 jobs (67 new) | total new so far: 19072
  p385: 51 jobs (50 new) | total new so far: 19139
  p386: 48 jobs (47 new) | total new so far: 19189
  p387: 42 jobs (41 new) | total new so far: 19236
  p388: 32 jobs (31 new) | total new so far: 19277
  p389: 33 jobs (32 new) | total new so far: 19308
  p390: 47 jobs (46 new) | total new so far: 19340
  p391: 47 jobs (46 new) | total new so far: 19386
  p392: 34 jobs (33 new) | total new so far: 19432
  p393: 34 jobs (33 new) | total new so far: 19465
  p394: 77 jobs (76 new) | total new so far: 19498
  p395: 40 jobs (39 new) | total new so far: 19574
  p396: 38 jobs (37 new) | total new so far: 19613
  p397: 73 jobs (72 new) | total new so far: 19650
  p398: 31 jobs (30 new) | total new so far: 19722
  p399: 37 jobs (36 new) | total new so far: 19752
  p400: 43 jobs (42 new) | total new so far: 19788
  p401: 81 jobs (80 new) | total new so far: 19830
  p402: 37 jobs (36 new) | total new so far: 19910
  p403: 57 jobs (56 new) | total new so far: 19946
  p404: 69 jobs (68 new) | total new so far: 20002
  p405: 45 jobs (44 new) | total new so far: 20070
  p406: 43 jobs (42 new) | total new so far: 20114
  p407: 34 jobs (33 new) | total new so far: 20156
  p408: 57 jobs (56 new) | total new so far: 20189
  p409: 53 jobs (52 new) | total new so far: 20245
  p410: 33 jobs (32 new) | total new so far: 20297
  p411: 52 jobs (51 new) | total new so far: 20329
  p412: 33 jobs (32 new) | total new so far: 20380
  p413: 43 jobs (42 new) | total new so far: 20412
  p414: 48 jobs (47 new) | total new so far: 20454
  p415: 64 jobs (63 new) | total new so far: 20501
  p416: 40 jobs (39 new) | total new so far: 20564
  p417: 61 jobs (60 new) | total new so far: 20603
  p418: 60 jobs (59 new) | total new so far: 20663
  p419: 34 jobs (33 new) | total new so far: 20722
  p420: 48 jobs (47 new) | total new so far: 20755
  p421: 44 jobs (43 new) | total new so far: 20802
  p422: 55 jobs (54 new) | total new so far: 20845
  p423: 32 jobs (31 new) | total new so far: 20899
  p424: 37 jobs (36 new) | total new so far: 20930
  p425: 34 jobs (33 new) | total new so far: 20966
  p426: 39 jobs (38 new) | total new so far: 20999
  p427: 42 jobs (41 new) | total new so far: 21037
  p428: 89 jobs (88 new) | total new so far: 21078
  p429: 47 jobs (46 new) | total new so far: 21166
  p430: 33 jobs (32 new) | total new so far: 21212
  p431: 54 jobs (53 new) | total new so far: 21244
  p432: 84 jobs (83 new) | total new so far: 21297
  p433: 46 jobs (45 new) | total new so far: 21380
  p434: 55 jobs (54 new) | total new so far: 21425
  p435: 40 jobs (39 new) | total new so far: 21479
  p436: 80 jobs (79 new) | total new so far: 21518
  p437: 39 jobs (38 new) | total new so far: 21597
  p438: 56 jobs (55 new) | total new so far: 21635
  p439: 80 jobs (79 new) | total new so far: 21690
  p440: 45 jobs (44 new) | total new so far: 21769
  p441: 60 jobs (59 new) | total new so far: 21813
  p442: 42 jobs (41 new) | total new so far: 21872
  p443: 38 jobs (37 new) | total new so far: 21913
  p444: 39 jobs (38 new) | total new so far: 21950
  p445: 61 jobs (60 new) | total new so far: 21988
  p446: 42 jobs (41 new) | total new so far: 22048
  p447: 35 jobs (34 new) | total new so far: 22089
  p448: 39 jobs (38 new) | total new so far: 22123
  p449: 73 jobs (72 new) | total new so far: 22161
  p450: 41 jobs (40 new) | total new so far: 22233
  p451: 42 jobs (41 new) | total new so far: 22273
  p452: 40 jobs (39 new) | total new so far: 22314
  p453: 70 jobs (69 new) | total new so far: 22353
  p454: 61 jobs (60 new) | total new so far: 22422
  p455: 35 jobs (34 new) | total new so far: 22482
  p456: 40 jobs (39 new) | total new so far: 22516
  p457: 50 jobs (49 new) | total new so far: 22555
  p458: 41 jobs (40 new) | total new so far: 22604
  p459: 43 jobs (42 new) | total new so far: 22644
  p460: 47 jobs (46 new) | total new so far: 22686
  p461: 32 jobs (31 new) | total new so far: 22732
  p462: 28 jobs (27 new) | total new so far: 22763
  p463: 36 jobs (35 new) | total new so far: 22790
  p464: 33 jobs (32 new) | total new so far: 22825
  p465: 46 jobs (45 new) | total new so far: 22857
  p466: 39 jobs (38 new) | total new so far: 22902
  p467: 41 jobs (40 new) | total new so far: 22940
  p468: 37 jobs (36 new) | total new so far: 22980
  p469: 43 jobs (42 new) | total new so far: 23016
  p470: 70 jobs (69 new) | total new so far: 23058
  p471: 37 jobs (36 new) | total new so far: 23127
  p472: 34 jobs (33 new) | total new so far: 23163
  p473: 62 jobs (61 new) | total new so far: 23196
  p474: 42 jobs (41 new) | total new so far: 23255
  p475: 37 jobs (33 new) | total new so far: 23296
  p476: 76 jobs (75 new) | total new so far: 23329
  p477: 68 jobs (67 new) | total new so far: 23404
  p478: 40 jobs (39 new) | total new so far: 23471
  p479: 46 jobs (45 new) | total new so far: 23510
  p480: 68 jobs (66 new) | total new so far: 23555
  p481: 38 jobs (37 new) | total new so far: 23621
  p482: 53 jobs (52 new) | total new so far: 23658
  p483: 85 jobs (84 new) | total new so far: 23710
  p484: 68 jobs (67 new) | total new so far: 23794
  p485: 46 jobs (45 new) | total new so far: 23861
  p486: 38 jobs (36 new) | total new so far: 23906
  p487: 53 jobs (52 new) | total new so far: 23942
  p488: 32 jobs (31 new) | total new so far: 23994
  p489: 61 jobs (60 new) | total new so far: 24025
  p490: 70 jobs (69 new) | total new so far: 24085
  p491: 38 jobs (36 new) | total new so far: 24154
  p492: 60 jobs (59 new) | total new so far: 24190
  p493: 38 jobs (37 new) | total new so far: 24249
  p494: 41 jobs (40 new) | total new so far: 24286
  p495: 33 jobs (32 new) | total new so far: 24326
  p496: 47 jobs (46 new) | total new so far: 24358
  p497: 61 jobs (60 new) | total new so far: 24404
  p498: 114 jobs (113 new) | total new so far: 24464
  p499: 33 jobs (32 new) | total new so far: 24577
  p500: 50 jobs (49 new) | total new so far: 24609
  p501: 34 jobs (33 new) | total new so far: 24658
  p502: 43 jobs (42 new) | total new so far: 24691
  p503: 58 jobs (57 new) | total new so far: 24733
  p504: 36 jobs (35 new) | total new so far: 24790
  p505: 44 jobs (43 new) | total new so far: 24825
  p506: 52 jobs (51 new) | total new so far: 24868
  p507: 54 jobs (52 new) | total new so far: 24919
  p508: 41 jobs (40 new) | total new so far: 24971
  p509: 39 jobs (38 new) | total new so far: 25011
  p510: 33 jobs (32 new) | total new so far: 25049
  p511: 42 jobs (41 new) | total new so far: 25081
  p512: 56 jobs (55 new) | total new so far: 25122
  p513: 43 jobs (42 new) | total new so far: 25177
  p514: 40 jobs (39 new) | total new so far: 25219
  p515: 48 jobs (47 new) | total new so far: 25258
  p516: 77 jobs (76 new) | total new so far: 25305
  p517: 80 jobs (79 new) | total new so far: 25381
  p518: 46 jobs (45 new) | total new so far: 25460
  p519: 79 jobs (78 new) | total new so far: 25505
  p520: 56 jobs (52 new) | total new so far: 25583
  p521: 50 jobs (49 new) | total new so far: 25635
  p522: 32 jobs (31 new) | total new so far: 25684
  p523: 38 jobs (37 new) | total new so far: 25715
  p524: 102 jobs (100 new) | total new so far: 25752
  p525: 51 jobs (50 new) | total new so far: 25852
  p526: 59 jobs (58 new) | total new so far: 25902
  p527: 54 jobs (53 new) | total new so far: 25960
  p528: 41 jobs (40 new) | total new so far: 26013
  p529: 38 jobs (37 new) | total new so far: 26053
  p530: 39 jobs (38 new) | total new so far: 26090
  p531: 50 jobs (49 new) | total new so far: 26128
  p532: 97 jobs (96 new) | total new so far: 26177
  p533: 67 jobs (66 new) | total new so far: 26273
  p534: 46 jobs (45 new) | total new so far: 26339
  p535: 45 jobs (44 new) | total new so far: 26384
  p536: 84 jobs (83 new) | total new so far: 26428
  p537: 52 jobs (51 new) | total new so far: 26511
  p538: 69 jobs (68 new) | total new so far: 26562
  p539: 45 jobs (44 new) | total new so far: 26630
  p540: 55 jobs (54 new) | total new so far: 26674
  p541: 44 jobs (43 new) | total new so far: 26728
  p542: 68 jobs (67 new) | total new so far: 26771
  p543: 79 jobs (78 new) | total new so far: 26838
  p544: 37 jobs (36 new) | total new so far: 26912
  p545: 86 jobs (85 new) | total new so far: 26948
  p546: 41 jobs (40 new) | total new so far: 27033
  p547: 61 jobs (60 new) | total new so far: 27073
  p548: 52 jobs (51 new) | total new so far: 27133
  p549: 49 jobs (48 new) | total new so far: 27184
  p550: 39 jobs (38 new) | total new so far: 27232
  p551: 36 jobs (35 new) | total new so far: 27270
  p552: 59 jobs (58 new) | total new so far: 27305
  p553: 58 jobs (57 new) | total new so far: 27363
  p554: 38 jobs (37 new) | total new so far: 27420
  p555: 50 jobs (49 new) | total new so far: 27457
  p556: 40 jobs (39 new) | total new so far: 27506
  p557: 43 jobs (42 new) | total new so far: 27545
  p558: 32 jobs (31 new) | total new so far: 27587
  p559: 42 jobs (41 new) | total new so far: 27618
  p560: 44 jobs (43 new) | total new so far: 27659
  p561: 39 jobs (38 new) | total new so far: 27702
  p562: 33 jobs (32 new) | total new so far: 27740
  p563: 35 jobs (34 new) | total new so far: 27772
  p564: 33 jobs (32 new) | total new so far: 27806
  p565: 39 jobs (38 new) | total new so far: 27838
  p566: 29 jobs (28 new) | total new so far: 27876
  p567: 40 jobs (39 new) | total new so far: 27904
  p568: 48 jobs (47 new) | total new so far: 27943
  p569: 32 jobs (31 new) | total new so far: 27990
  p570: 35 jobs (34 new) | total new so far: 28021
  p571: 69 jobs (68 new) | total new so far: 28055
  p572: 89 jobs (88 new) | total new so far: 28123
  p573: 40 jobs (39 new) | total new so far: 28211
  p574: 56 jobs (55 new) | total new so far: 28250
  p575: 66 jobs (65 new) | total new so far: 28305
  p576: 66 jobs (65 new) | total new so far: 28370
  p577: 58 jobs (57 new) | total new so far: 28435
  p578: 47 jobs (46 new) | total new so far: 28492
  p579: 47 jobs (46 new) | total new so far: 28538
  p580: 38 jobs (37 new) | total new so far: 28584
  p581: 34 jobs (33 new) | total new so far: 28621
  p582: 35 jobs (34 new) | total new so far: 28654
  p583: 68 jobs (67 new) | total new so far: 28688
  p584: 51 jobs (50 new) | total new so far: 28755
  p585: 37 jobs (36 new) | total new so far: 28805
  p586: 35 jobs (34 new) | total new so far: 28841
  p587: 43 jobs (42 new) | total new so far: 28875
  p588: 38 jobs (37 new) | total new so far: 28917
  p589: 87 jobs (86 new) | total new so far: 28954
  p590: 36 jobs (35 new) | total new so far: 29040
  p591: 77 jobs (76 new) | total new so far: 29075
  p592: 44 jobs (43 new) | total new so far: 29151
  p593: 38 jobs (37 new) | total new so far: 29194
  p594: 53 jobs (52 new) | total new so far: 29231
  p595: 63 jobs (62 new) | total new so far: 29283
  p596: 56 jobs (55 new) | total new so far: 29345
  p597: 80 jobs (79 new) | total new so far: 29400
  p598: 45 jobs (44 new) | total new so far: 29479
  p599: 74 jobs (73 new) | total new so far: 29523
  p600: 35 jobs (34 new) | total new so far: 29596
  p601: 71 jobs (70 new) | total new so far: 29630
  p602: 36 jobs (34 new) | total new so far: 29700
  p603: 37 jobs (36 new) | total new so far: 29734
  p604: 35 jobs (33 new) | total new so far: 29770
  p605: 71 jobs (70 new) | total new so far: 29803
  p606: 50 jobs (49 new) | total new so far: 29873
  p607: 58 jobs (57 new) | total new so far: 29922
  p608: 40 jobs (39 new) | total new so far: 29979
  p609: 54 jobs (53 new) | total new so far: 30018
  p610: 42 jobs (41 new) | total new so far: 30071
  p611: 42 jobs (41 new) | total new so far: 30112
  p612: 41 jobs (40 new) | total new so far: 30153
  p613: 61 jobs (60 new) | total new so far: 30193
  p614: 39 jobs (38 new) | total new so far: 30253
  p615: 27 jobs (26 new) | total new so far: 30291
  p616: 52 jobs (51 new) | total new so far: 30317
  p617: 78 jobs (77 new) | total new so far: 30368
  p618: 28 jobs (27 new) | total new so far: 30445
  p619: 78 jobs (77 new) | total new so far: 30472
  p620: 30 jobs (29 new) | total new so far: 30549
  p621: 56 jobs (55 new) | total new so far: 30578
  p622: 40 jobs (39 new) | total new so far: 30633
  p623: 94 jobs (93 new) | total new so far: 30672
  p624: 36 jobs (35 new) | total new so far: 30765
  p625: 39 jobs (38 new) | total new so far: 30800
  p626: 46 jobs (45 new) | total new so far: 30838
  p627: 41 jobs (40 new) | total new so far: 30883
  p628: 59 jobs (58 new) | total new so far: 30923
  p629: 46 jobs (45 new) | total new so far: 30981
  p630: 45 jobs (44 new) | total new so far: 31026
  p631: 39 jobs (38 new) | total new so far: 31070
  p632: 56 jobs (55 new) | total new so far: 31108
  p633: 42 jobs (41 new) | total new so far: 31163
  p634: 40 jobs (39 new) | total new so far: 31204
  p635: 105 jobs (104 new) | total new so far: 31243
  p636: 40 jobs (39 new) | total new so far: 31347
  p637: 32 jobs (31 new) | total new so far: 31386
  p638: 42 jobs (41 new) | total new so far: 31417
  p639: 44 jobs (43 new) | total new so far: 31458
  p640: 52 jobs (51 new) | total new so far: 31501
  p641: 40 jobs (39 new) | total new so far: 31552
  p642: 39 jobs (38 new) | total new so far: 31591
  p643: 51 jobs (50 new) | total new so far: 31629
  p644: 47 jobs (46 new) | total new so far: 31679
  p645: 31 jobs (30 new) | total new so far: 31725
  p646: 32 jobs (31 new) | total new so far: 31755
  p647: 42 jobs (41 new) | total new so far: 31786
  p648: 62 jobs (61 new) | total new so far: 31827
  p649: 41 jobs (40 new) | total new so far: 31888
  p650: 54 jobs (53 new) | total new so far: 31928
  p651: 44 jobs (43 new) | total new so far: 31981
  p652: 58 jobs (57 new) | total new so far: 32024
  p653: 80 jobs (79 new) | total new so far: 32081
  p654: 34 jobs (33 new) | total new so far: 32160
  p655: 41 jobs (40 new) | total new so far: 32193
  p656: 58 jobs (57 new) | total new so far: 32233
  p657: 48 jobs (47 new) | total new so far: 32290
  p658: 31 jobs (30 new) | total new so far: 32337
  p659: 49 jobs (48 new) | total new so far: 32367
  p660: 93 jobs (92 new) | total new so far: 32415
  p661: 33 jobs (32 new) | total new so far: 32507
  p662: 82 jobs (81 new) | total new so far: 32539
  p663: 53 jobs (52 new) | total new so far: 32620
  p664: 89 jobs (88 new) | total new so far: 32672
  p665: 38 jobs (37 new) | total new so far: 32760
  p666: 38 jobs (37 new) | total new so far: 32797
  p667: 62 jobs (61 new) | total new so far: 32834
  p668: 39 jobs (38 new) | total new so far: 32895
  p669: 40 jobs (39 new) | total new so far: 32933
  p670: 97 jobs (96 new) | total new so far: 32972
  p671: 34 jobs (33 new) | total new so far: 33068
  p672: 38 jobs (37 new) | total new so far: 33101
  p673: 30 jobs (29 new) | total new so far: 33138
  p674: 43 jobs (42 new) | total new so far: 33167
  p675: 88 jobs (87 new) | total new so far: 33209
  p676: 83 jobs (82 new) | total new so far: 33296
  p677: 31 jobs (30 new) | total new so far: 33378
  p678: 31 jobs (30 new) | total new so far: 33408
  p679: 49 jobs (48 new) | total new so far: 33438
  p680: 39 jobs (38 new) | total new so far: 33486
  p681: 68 jobs (67 new) | total new so far: 33524
  p682: 43 jobs (42 new) | total new so far: 33591
  p683: 33 jobs (32 new) | total new so far: 33633
  p684: 58 jobs (57 new) | total new so far: 33665
  p685: 40 jobs (39 new) | total new so far: 33722
  p686: 119 jobs (118 new) | total new so far: 33761
  p687: 46 jobs (45 new) | total new so far: 33879
  p688: 77 jobs (76 new) | total new so far: 33924
  p689: 36 jobs (35 new) | total new so far: 34000
  p690: 64 jobs (63 new) | total new so far: 34032
  p691: 43 jobs (42 new) | total new so far: 34095
  p692: 40 jobs (39 new) | total new so far: 34137
  p693: 69 jobs (68 new) | total new so far: 34176
  p694: 68 jobs (67 new) | total new so far: 34244
  p695: 37 jobs (36 new) | total new so far: 34311
  p696: 61 jobs (60 new) | total new so far: 34347
  p697: 37 jobs (36 new) | total new so far: 34407
  p698: 54 jobs (53 new) | total new so far: 34443
  p699: 39 jobs (38 new) | total new so far: 34496
  p700: 43 jobs (42 new) | total new so far: 34534
  p701: 44 jobs (43 new) | total new so far: 34576
  p702: 64 jobs (63 new) | total new so far: 34619
  p703: 39 jobs (38 new) | total new so far: 34682
  p704: 62 jobs (61 new) | total new so far: 34720
  p705: 41 jobs (40 new) | total new so far: 34781
  p706: 38 jobs (37 new) | total new so far: 34821
  p707: 59 jobs (58 new) | total new so far: 34858
  p708: 35 jobs (34 new) | total new so far: 34916
  p709: 46 jobs (45 new) | total new so far: 34950
  p710: 70 jobs (69 new) | total new so far: 34995
  p711: 103 jobs (102 new) | total new so far: 35064
  p712: 51 jobs (50 new) | total new so far: 35166
  p713: 81 jobs (80 new) | total new so far: 35216
  p714: 45 jobs (44 new) | total new so far: 35296
  p715: 52 jobs (51 new) | total new so far: 35340
  p716: 53 jobs (52 new) | total new so far: 35391
  p717: 42 jobs (41 new) | total new so far: 35443
  p718: 92 jobs (91 new) | total new so far: 35484
  p719: 34 jobs (33 new) | total new so far: 35575
  p720: 33 jobs (32 new) | total new so far: 35608
  p721: 46 jobs (45 new) | total new so far: 35640
  p722: 48 jobs (47 new) | total new so far: 35685
  p723: 41 jobs (40 new) | total new so far: 35732
  p724: 38 jobs (37 new) | total new so far: 35772
  p725: 44 jobs (43 new) | total new so far: 35809
  p726: 58 jobs (57 new) | total new so far: 35852
  p727: 38 jobs (37 new) | total new so far: 35909
  p728: 48 jobs (47 new) | total new so far: 35946
  p729: 72 jobs (71 new) | total new so far: 35993
  p730: 39 jobs (38 new) | total new so far: 36064
  p731: 47 jobs (46 new) | total new so far: 36102
  p732: 42 jobs (41 new) | total new so far: 36148
  p733: 53 jobs (52 new) | total new so far: 36189
  p734: 68 jobs (67 new) | total new so far: 36241
  p735: 43 jobs (42 new) | total new so far: 36308
  p736: 47 jobs (46 new) | total new so far: 36350
  p737: 40 jobs (39 new) | total new so far: 36396
  p738: 34 jobs (33 new) | total new so far: 36435
  p739: 54 jobs (53 new) | total new so far: 36468
  p740: 43 jobs (42 new) | total new so far: 36521
  p741: 49 jobs (48 new) | total new so far: 36563
  p742: 51 jobs (50 new) | total new so far: 36611
  p743: 55 jobs (54 new) | total new so far: 36661
  p744: 83 jobs (82 new) | total new so far: 36715
  p745: 46 jobs (45 new) | total new so far: 36797
  p746: 37 jobs (36 new) | total new so far: 36842
  p747: 88 jobs (87 new) | total new so far: 36878
  p748: 68 jobs (67 new) | total new so far: 36965
  p749: 46 jobs (45 new) | total new so far: 37032
  p750: 78 jobs (77 new) | total new so far: 37077
  p751: 35 jobs (34 new) | total new so far: 37154
  p752: 67 jobs (66 new) | total new so far: 37188
  p753: 37 jobs (36 new) | total new so far: 37254
  p754: 46 jobs (45 new) | total new so far: 37290
  p755: 53 jobs (52 new) | total new so far: 37335
  p756: 39 jobs (38 new) | total new so far: 37387
  p757: 38 jobs (37 new) | total new so far: 37425
  p758: 52 jobs (51 new) | total new so far: 37462
  p759: 32 jobs (31 new) | total new so far: 37513
  p760: 70 jobs (69 new) | total new so far: 37544
  p761: 48 jobs (47 new) | total new so far: 37613
  p762: 36 jobs (35 new) | total new so far: 37660
  p763: 57 jobs (56 new) | total new so far: 37695
  p764: 92 jobs (91 new) | total new so far: 37751
  p765: 39 jobs (38 new) | total new so far: 37842
  p766: 79 jobs (78 new) | total new so far: 37880
  p767: 34 jobs (33 new) | total new so far: 37958
  p768: 33 jobs (32 new) | total new so far: 37991
  p769: 65 jobs (64 new) | total new so far: 38023
  p770: 79 jobs (78 new) | total new so far: 38087
  p771: 77 jobs (76 new) | total new so far: 38165
  p772: 42 jobs (41 new) | total new so far: 38241
  p773: 40 jobs (39 new) | total new so far: 38282
  p774: 35 jobs (34 new) | total new so far: 38321
  p775: 38 jobs (37 new) | total new so far: 38355
  p776: 41 jobs (40 new) | total new so far: 38392
  p777: 60 jobs (59 new) | total new so far: 38432
  p778: 64 jobs (63 new) | total new so far: 38491
  p779: 39 jobs (38 new) | total new so far: 38554
  p780: 34 jobs (33 new) | total new so far: 38592
  p781: 72 jobs (71 new) | total new so far: 38625
  p782: 36 jobs (35 new) | total new so far: 38696
  p783: 79 jobs (78 new) | total new so far: 38731
  p784: 63 jobs (62 new) | total new so far: 38809
  p785: 37 jobs (36 new) | total new so far: 38871
  p786: 50 jobs (49 new) | total new so far: 38907
  p787: 40 jobs (39 new) | total new so far: 38956
  p788: 38 jobs (37 new) | total new so far: 38995
  p789: 39 jobs (38 new) | total new so far: 39032
  p790: 107 jobs (106 new) | total new so far: 39070
  p791: 45 jobs (44 new) | total new so far: 39176
  p792: 93 jobs (92 new) | total new so far: 39220
  p793: 85 jobs (84 new) | total new so far: 39312
  p794: 59 jobs (58 new) | total new so far: 39396
  p795: 35 jobs (34 new) | total new so far: 39454
  p796: 38 jobs (37 new) | total new so far: 39488
  p797: 54 jobs (53 new) | total new so far: 39525
  p798: 36 jobs (35 new) | total new so far: 39578
  p799: 67 jobs (66 new) | total new so far: 39613
  p800: 41 jobs (40 new) | total new so far: 39679
  p801: 72 jobs (71 new) | total new so far: 39719
  p802: 37 jobs (36 new) | total new so far: 39790
  p803: 34 jobs (33 new) | total new so far: 39826
  p804: 52 jobs (51 new) | total new so far: 39859
  p805: 49 jobs (48 new) | total new so far: 39910
  p806: 47 jobs (46 new) | total new so far: 39958
  p807: 43 jobs (42 new) | total new so far: 40004
  p808: 102 jobs (101 new) | total new so far: 40046
  p809: 35 jobs (34 new) | total new so far: 40147
  p810: 47 jobs (46 new) | total new so far: 40181
  p811: 79 jobs (78 new) | total new so far: 40227
  p812: 36 jobs (35 new) | total new so far: 40305
  p813: 34 jobs (33 new) | total new so far: 40340
  p814: 45 jobs (44 new) | total new so far: 40373
  p815: 42 jobs (41 new) | total new so far: 40417
  p816: 46 jobs (45 new) | total new so far: 40458
  p817: 43 jobs (42 new) | total new so far: 40503
  p818: 61 jobs (60 new) | total new so far: 40545
  p819: 30 jobs (29 new) | total new so far: 40605
  p820: 32 jobs (31 new) | total new so far: 40634
  p821: 33 jobs (32 new) | total new so far: 40665
  p822: 60 jobs (59 new) | total new so far: 40697
  p823: 31 jobs (30 new) | total new so far: 40756
  p824: 38 jobs (37 new) | total new so far: 40786
  p825: 94 jobs (93 new) | total new so far: 40823
  p826: 45 jobs (44 new) | total new so far: 40916
  p827: 43 jobs (42 new) | total new so far: 40960
  p828: 40 jobs (39 new) | total new so far: 41002
  p829: 41 jobs (40 new) | total new so far: 41041
  p830: 36 jobs (35 new) | total new so far: 41081
  p831: 49 jobs (48 new) | total new so far: 41116
  p832: 107 jobs (106 new) | total new so far: 41164
  p833: 43 jobs (42 new) | total new so far: 41270
  p834: 40 jobs (39 new) | total new so far: 41312
  p835: 96 jobs (95 new) | total new so far: 41351
  p836: 65 jobs (64 new) | total new so far: 41446
  p837: 47 jobs (46 new) | total new so far: 41510
  p838: 47 jobs (46 new) | total new so far: 41556
  p839: 39 jobs (38 new) | total new so far: 41602
  p840: 31 jobs (30 new) | total new so far: 41640
  p841: 36 jobs (35 new) | total new so far: 41670
  p842: 60 jobs (59 new) | total new so far: 41705
  p843: 55 jobs (54 new) | total new so far: 41764
  p844: 54 jobs (53 new) | total new so far: 41818
  p845: 39 jobs (38 new) | total new so far: 41871
  p846: 31 jobs (30 new) | total new so far: 41909
  p847: 34 jobs (33 new) | total new so far: 41939
  p848: 62 jobs (61 new) | total new so far: 41972
  p849: 43 jobs (42 new) | total new so far: 42033
  p850: 43 jobs (42 new) | total new so far: 42075
  p851: 80 jobs (79 new) | total new so far: 42117
  p852: 60 jobs (59 new) | total new so far: 42196
  p853: 54 jobs (53 new) | total new so far: 42255
  p854: 36 jobs (35 new) | total new so far: 42308
  p855: 44 jobs (43 new) | total new so far: 42343
  p856: 47 jobs (46 new) | total new so far: 42386
  p857: 53 jobs (52 new) | total new so far: 42432
  p858: 78 jobs (77 new) | total new so far: 42484
  p859: 44 jobs (43 new) | total new so far: 42561
  p860: 58 jobs (57 new) | total new so far: 42604
  p861: 79 jobs (78 new) | total new so far: 42661
  p862: 38 jobs (37 new) | total new so far: 42739
  p863: 75 jobs (74 new) | total new so far: 42776
  p864: 37 jobs (36 new) | total new so far: 42850
  p865: 33 jobs (32 new) | total new so far: 42886
  p866: 52 jobs (51 new) | total new so far: 42918
  p867: 63 jobs (62 new) | total new so far: 42969
  p868: 33 jobs (32 new) | total new so far: 43031
  p869: 37 jobs (36 new) | total new so far: 43063
  p870: 35 jobs (34 new) | total new so far: 43099
  p871: 91 jobs (90 new) | total new so far: 43133
  p872: 86 jobs (85 new) | total new so far: 43223
  p873: 36 jobs (35 new) | total new so far: 43308
  p874: 83 jobs (82 new) | total new so far: 43343
  p875: 43 jobs (42 new) | total new so far: 43425
  p876: 69 jobs (68 new) | total new so far: 43467
  p877: 42 jobs (41 new) | total new so far: 43535
  p878: 38 jobs (37 new) | total new so far: 43576
  p879: 41 jobs (40 new) | total new so far: 43613
  p880: 67 jobs (66 new) | total new so far: 43653
  p881: 76 jobs (75 new) | total new so far: 43719
  p882: 46 jobs (45 new) | total new so far: 43794
  p883: 49 jobs (48 new) | total new so far: 43839
  p884: 36 jobs (35 new) | total new so far: 43887
  p885: 57 jobs (56 new) | total new so far: 43922
  p886: 41 jobs (40 new) | total new so far: 43978
  p887: 44 jobs (43 new) | total new so far: 44018
  p888: 38 jobs (37 new) | total new so far: 44061
  p889: 52 jobs (51 new) | total new so far: 44098
  p890: 49 jobs (48 new) | total new so far: 44149
  p891: 40 jobs (39 new) | total new so far: 44197
  p892: 39 jobs (38 new) | total new so far: 44236
  p893: 33 jobs (32 new) | total new so far: 44274
  p894: 41 jobs (40 new) | total new so far: 44306
  p895: 77 jobs (76 new) | total new so far: 44346
  p896: 54 jobs (53 new) | total new so far: 44422
  p897: 34 jobs (33 new) | total new so far: 44475
  p898: 49 jobs (48 new) | total new so far: 44508
  p899: 32 jobs (31 new) | total new so far: 44556
  p900: 62 jobs (61 new) | total new so far: 44587
  p901: 39 jobs (38 new) | total new so far: 44648
  p902: 57 jobs (56 new) | total new so far: 44686
  p903: 51 jobs (50 new) | total new so far: 44742
  p904: 33 jobs (32 new) | total new so far: 44792
  p905: 39 jobs (38 new) | total new so far: 44824
  p906: 45 jobs (44 new) | total new so far: 44862
  p907: 33 jobs (32 new) | total new so far: 44906
  p908: 57 jobs (56 new) | total new so far: 44938
  p909: 38 jobs (37 new) | total new so far: 44994
  p910: 42 jobs (41 new) | total new so far: 45031
  p911: 32 jobs (31 new) | total new so far: 45072
  p912: 86 jobs (85 new) | total new so far: 45103
  p913: 54 jobs (53 new) | total new so far: 45188
  p914: 49 jobs (48 new) | total new so far: 45241
  p915: 39 jobs (38 new) | total new so far: 45289
  p916: 64 jobs (63 new) | total new so far: 45327
  p917: 55 jobs (54 new) | total new so far: 45390
  p918: 47 jobs (46 new) | total new so far: 45444
  p919: 39 jobs (38 new) | total new so far: 45490
  p920: 39 jobs (38 new) | total new so far: 45528
  p921: 45 jobs (44 new) | total new so far: 45566
  p922: 36 jobs (35 new) | total new so far: 45610
  p923: 40 jobs (39 new) | total new so far: 45645
  p924: 38 jobs (37 new) | total new so far: 45684
  p925: 43 jobs (42 new) | total new so far: 45721
  p926: 44 jobs (43 new) | total new so far: 45763
  p927: 54 jobs (53 new) | total new so far: 45806
  p928: 37 jobs (36 new) | total new so far: 45859
  p929: 41 jobs (40 new) | total new so far: 45895
  p930: 34 jobs (33 new) | total new so far: 45935
  p931: 33 jobs (32 new) | total new so far: 45968
  p932: 56 jobs (55 new) | total new so far: 46000
  p933: 80 jobs (79 new) | total new so far: 46055
  p934: 42 jobs (41 new) | total new so far: 46134
  p935: 33 jobs (32 new) | total new so far: 46175
  p936: 57 jobs (56 new) | total new so far: 46207
  p937: 45 jobs (44 new) | total new so far: 46263
  p938: 37 jobs (36 new) | total new so far: 46307
  p939: 49 jobs (48 new) | total new so far: 46343
  p940: 35 jobs (34 new) | total new so far: 46391
  p941: 35 jobs (34 new) | total new so far: 46425
  p942: 34 jobs (33 new) | total new so far: 46459
  p943: 39 jobs (38 new) | total new so far: 46492
  p944: 35 jobs (34 new) | total new so far: 46530
  p945: 57 jobs (56 new) | total new so far: 46564
  p946: 45 jobs (44 new) | total new so far: 46620
  p947: 58 jobs (57 new) | total new so far: 46664
  p948: 67 jobs (66 new) | total new so far: 46721
  p949: 77 jobs (76 new) | total new so far: 46787
  p950: 50 jobs (49 new) | total new so far: 46863
  p951: 40 jobs (39 new) | total new so far: 46912
  p952: 113 jobs (112 new) | total new so far: 46951
  p953: 40 jobs (39 new) | total new so far: 47063
  p954: 61 jobs (60 new) | total new so far: 47102
  p955: 44 jobs (43 new) | total new so far: 47162
  p956: 33 jobs (32 new) | total new so far: 47205
  p957: 88 jobs (87 new) | total new so far: 47237
  p958: 41 jobs (40 new) | total new so far: 47324
  p959: 94 jobs (93 new) | total new so far: 47364
  p960: 41 jobs (40 new) | total new so far: 47457
  p961: 49 jobs (48 new) | total new so far: 47497
  p962: 44 jobs (43 new) | total new so far: 47545
  p963: 37 jobs (36 new) | total new so far: 47588
  p964: 73 jobs (72 new) | total new so far: 47624
  p965: 42 jobs (41 new) | total new so far: 47696
  p966: 35 jobs (34 new) | total new so far: 47737
  p967: 51 jobs (50 new) | total new so far: 47771
  p968: 61 jobs (60 new) | total new so far: 47821
  p969: 34 jobs (33 new) | total new so far: 47881
  p970: 35 jobs (34 new) | total new so far: 47914
  p971: 57 jobs (56 new) | total new so far: 47948
  p972: 37 jobs (36 new) | total new so far: 48004
  p973: 38 jobs (37 new) | total new so far: 48040
  p974: 63 jobs (62 new) | total new so far: 48077
  p975: 30 jobs (29 new) | total new so far: 48139
  p976: 39 jobs (38 new) | total new so far: 48168
  p977: 38 jobs (37 new) | total new so far: 48206
  p978: 29 jobs (28 new) | total new so far: 48243
  p979: 35 jobs (34 new) | total new so far: 48271
  p980: 35 jobs (34 new) | total new so far: 48305
  p981: 60 jobs (59 new) | total new so far: 48339
  p982: 76 jobs (75 new) | total new so far: 48398
  p983: 42 jobs (41 new) | total new so far: 48473
  p984: 62 jobs (61 new) | total new so far: 48514
  p985: 54 jobs (53 new) | total new so far: 48575
  p986: 40 jobs (39 new) | total new so far: 48628
  p987: 39 jobs (38 new) | total new so far: 48667
  p988: 37 jobs (36 new) | total new so far: 48705
  p989: 45 jobs (44 new) | total new so far: 48741
  p990: 43 jobs (42 new) | total new so far: 48785
  p991: 29 jobs (28 new) | total new so far: 48827
  p992: 41 jobs (40 new) | total new so far: 48855
  p993: 43 jobs (42 new) | total new so far: 48895
  p994: 39 jobs (38 new) | total new so far: 48937
  p995: 41 jobs (40 new) | total new so far: 48975
  p996: 90 jobs (89 new) | total new so far: 49015
  p997: 44 jobs (43 new) | total new so far: 49104
  p998: 40 jobs (39 new) | total new so far: 49147
  p999: 29 jobs (28 new) | total new so far: 49186
  p1000: 72 jobs (71 new) | total new so far: 49214
  p1001: 35 jobs (34 new) | total new so far: 49285
  p1002: 71 jobs (70 new) | total new so far: 49319
  p1003: 54 jobs (53 new) | total new so far: 49389
  p1004: 60 jobs (59 new) | total new so far: 49442
  p1005: 53 jobs (52 new) | total new so far: 49501
  p1006: 55 jobs (54 new) | total new so far: 49553
  p1007: 48 jobs (47 new) | total new so far: 49607
  p1008: 75 jobs (74 new) | total new so far: 49654
  p1009: 41 jobs (40 new) | total new so far: 49728
  p1010: 50 jobs (49 new) | total new so far: 49768
  p1011: 39 jobs (38 new) | total new so far: 49817
  p1012: 37 jobs (36 new) | total new so far: 49855
  p1013: 41 jobs (40 new) | total new so far: 49891
  p1014: 31 jobs (30 new) | total new so far: 49931
  p1015: 58 jobs (57 new) | total new so far: 49961
  p1016: 37 jobs (36 new) | total new so far: 50018
  p1017: 44 jobs (43 new) | total new so far: 50054
  p1018: 41 jobs (40 new) | total new so far: 50097
  p1019: 37 jobs (36 new) | total new so far: 50137
  p1020: 33 jobs (32 new) | total new so far: 50173
  p1021: 39 jobs (38 new) | total new so far: 50205
  p1022: 56 jobs (55 new) | total new so far: 50243
  p1023: 36 jobs (35 new) | total new so far: 50298
  p1024: 43 jobs (42 new) | total new so far: 50333
  p1025: 38 jobs (37 new) | total new so far: 50375
  p1026: 50 jobs (49 new) | total new so far: 50412
  p1027: 40 jobs (39 new) | total new so far: 50461
  p1028: 34 jobs (33 new) | total new so far: 50500
  p1029: 51 jobs (50 new) | total new so far: 50533
  p1030: 72 jobs (71 new) | total new so far: 50583
  p1031: 29 jobs (28 new) | total new so far: 50654
  p1032: 56 jobs (55 new) | total new so far: 50682
  p1033: 41 jobs (40 new) | total new so far: 50737
  p1034: 46 jobs (45 new) | total new so far: 50777
  p1035: 46 jobs (45 new) | total new so far: 50822
  p1036: 46 jobs (45 new) | total new so far: 50867
  p1037: 35 jobs (34 new) | total new so far: 50912
  p1038: 36 jobs (35 new) | total new so far: 50946
  p1039: 47 jobs (46 new) | total new so far: 50981
  p1040: 38 jobs (37 new) | total new so far: 51027
  p1041: 44 jobs (43 new) | total new so far: 51064
  p1042: 37 jobs (36 new) | total new so far: 51107
  p1043: 39 jobs (38 new) | total new so far: 51143
  p1044: 42 jobs (41 new) | total new so far: 51181
  p1045: 53 jobs (52 new) | total new so far: 51222
  p1046: 46 jobs (45 new) | total new so far: 51274
  p1047: 45 jobs (44 new) | total new so far: 51319
  p1048: 44 jobs (43 new) | total new so far: 51363
  p1049: 30 jobs (29 new) | total new so far: 51406
  p1050: 56 jobs (55 new) | total new so far: 51435
  p1051: 31 jobs (30 new) | total new so far: 51490
  p1052: 104 jobs (103 new) | total new so far: 51520
  p1053: 82 jobs (81 new) | total new so far: 51623
  p1054: 48 jobs (47 new) | total new so far: 51704
  p1055: 81 jobs (80 new) | total new so far: 51751
  p1056: 111 jobs (110 new) | total new so far: 51831
  p1057: 38 jobs (37 new) | total new so far: 51941
  p1058: 32 jobs (31 new) | total new so far: 51978
  p1059: 35 jobs (34 new) | total new so far: 52009
  p1060: 37 jobs (36 new) | total new so far: 52043
  p1061: 53 jobs (52 new) | total new so far: 52079
  p1062: 35 jobs (34 new) | total new so far: 52131
  p1063: 41 jobs (40 new) | total new so far: 52165
  p1064: 34 jobs (33 new) | total new so far: 52205
  p1065: 36 jobs (35 new) | total new so far: 52238
  p1066: 41 jobs (40 new) | total new so far: 52273
  p1067: 87 jobs (86 new) | total new so far: 52313
  p1068: 44 jobs (43 new) | total new so far: 52399
  p1069: 38 jobs (37 new) | total new so far: 52442
  p1070: 54 jobs (53 new) | total new so far: 52479
  p1071: 49 jobs (48 new) | total new so far: 52532
  p1072: 37 jobs (36 new) | total new so far: 52580
  p1073: 64 jobs (63 new) | total new so far: 52616
  p1074: 72 jobs (71 new) | total new so far: 52679
  p1075: 48 jobs (47 new) | total new so far: 52750
  p1076: 43 jobs (42 new) | total new so far: 52797
  p1077: 43 jobs (42 new) | total new so far: 52839
  p1078: 43 jobs (42 new) | total new so far: 52881
  p1079: 35 jobs (34 new) | total new so far: 52923
  p1080: 69 jobs (68 new) | total new so far: 52957
  p1081: 44 jobs (43 new) | total new so far: 53025
  p1082: 41 jobs (40 new) | total new so far: 53068
  p1083: 38 jobs (37 new) | total new so far: 53108
  p1084: 47 jobs (46 new) | total new so far: 53145
  p1085: 29 jobs (28 new) | total new so far: 53191
  p1086: 85 jobs (84 new) | total new so far: 53219
  p1087: 76 jobs (75 new) | total new so far: 53303
  p1088: 67 jobs (66 new) | total new so far: 53378
  p1089: 44 jobs (43 new) | total new so far: 53444
  p1090: 44 jobs (43 new) | total new so far: 53487
  p1091: 111 jobs (110 new) | total new so far: 53530
  p1092: 32 jobs (31 new) | total new so far: 53640
  p1093: 34 jobs (33 new) | total new so far: 53671
  p1094: 65 jobs (64 new) | total new so far: 53704
  p1095: 46 jobs (45 new) | total new so far: 53768
  p1096: 34 jobs (33 new) | total new so far: 53813
  p1097: 42 jobs (41 new) | total new so far: 53846
  p1098: 67 jobs (66 new) | total new so far: 53887
  p1099: 62 jobs (61 new) | total new so far: 53953
  p1100: 40 jobs (39 new) | total new so far: 54014
  p1101: 40 jobs (39 new) | total new so far: 54053
  p1102: 65 jobs (64 new) | total new so far: 54092
  p1103: 41 jobs (40 new) | total new so far: 54156
  p1104: 53 jobs (52 new) | total new so far: 54196
  p1105: 39 jobs (38 new) | total new so far: 54248
  p1106: 46 jobs (45 new) | total new so far: 54286
  p1107: 55 jobs (54 new) | total new so far: 54331
  p1108: 34 jobs (33 new) | total new so far: 54385
  p1109: 40 jobs (39 new) | total new so far: 54418
  p1110: 57 jobs (56 new) | total new so far: 54457
  p1111: 57 jobs (56 new) | total new so far: 54513
  p1112: 55 jobs (54 new) | total new so far: 54569
  p1113: 54 jobs (53 new) | total new so far: 54623
  p1114: 69 jobs (68 new) | total new so far: 54676
  p1115: 46 jobs (45 new) | total new so far: 54744
  p1116: 40 jobs (39 new) | total new so far: 54789
  p1117: 67 jobs (66 new) | total new so far: 54828
  p1118: 45 jobs (44 new) | total new so far: 54894
  p1119: 53 jobs (52 new) | total new so far: 54938
  p1120: 67 jobs (66 new) | total new so far: 54990
  p1121: 52 jobs (51 new) | total new so far: 55056
  p1122: 30 jobs (29 new) | total new so far: 55107
  p1123: 58 jobs (57 new) | total new so far: 55136
  p1124: 50 jobs (49 new) | total new so far: 55193
  p1125: 45 jobs (44 new) | total new so far: 55242
  p1126: 31 jobs (30 new) | total new so far: 55286
  p1127: 42 jobs (41 new) | total new so far: 55316
  p1128: 65 jobs (64 new) | total new so far: 55357
  p1129: 42 jobs (41 new) | total new so far: 55421
  p1130: 56 jobs (55 new) | total new so far: 55462
  p1131: 39 jobs (38 new) | total new so far: 55517
  p1132: 41 jobs (40 new) | total new so far: 55555
  p1133: 35 jobs (34 new) | total new so far: 55595
  p1134: 62 jobs (61 new) | total new so far: 55629
  p1135: 64 jobs (63 new) | total new so far: 55690
  p1136: 28 jobs (27 new) | total new so far: 55753
  p1137: 57 jobs (56 new) | total new so far: 55780
  p1138: 33 jobs (32 new) | total new so far: 55836
  p1139: 84 jobs (83 new) | total new so far: 55868
  p1140: 58 jobs (57 new) | total new so far: 55951
  p1141: 45 jobs (44 new) | total new so far: 56008
  p1142: 40 jobs (39 new) | total new so far: 56052
  p1143: 70 jobs (69 new) | total new so far: 56091
  p1144: 38 jobs (37 new) | total new so far: 56160
  p1145: 62 jobs (61 new) | total new so far: 56197
  p1146: 37 jobs (36 new) | total new so far: 56258
  p1147: 31 jobs (30 new) | total new so far: 56294
  p1148: 43 jobs (42 new) | total new so far: 56324
  p1149: 32 jobs (31 new) | total new so far: 56366
  p1150: 30 jobs (29 new) | total new so far: 56397
  p1151: 87 jobs (86 new) | total new so far: 56426
  p1152: 48 jobs (47 new) | total new so far: 56512
  p1153: 46 jobs (45 new) | total new so far: 56559
  p1154: 34 jobs (33 new) | total new so far: 56604
  p1155: 37 jobs (36 new) | total new so far: 56637
  p1156: 92 jobs (91 new) | total new so far: 56673
  p1157: 42 jobs (41 new) | total new so far: 56764
  p1158: 86 jobs (85 new) | total new so far: 56805
  p1159: 44 jobs (43 new) | total new so far: 56890
  p1160: 81 jobs (80 new) | total new so far: 56933
  p1161: 70 jobs (69 new) | total new so far: 57013
  p1162: 67 jobs (66 new) | total new so far: 57082
  p1163: 36 jobs (35 new) | total new so far: 57148
  p1164: 58 jobs (57 new) | total new so far: 57183
  p1165: 74 jobs (73 new) | total new so far: 57240
  p1166: 46 jobs (45 new) | total new so far: 57313
  p1167: 43 jobs (42 new) | total new so far: 57358
  p1168: 30 jobs (29 new) | total new so far: 57400
  p1169: 31 jobs (30 new) | total new so far: 57429
  p1170: 32 jobs (31 new) | total new so far: 57459
  p1171: 44 jobs (43 new) | total new so far: 57490
  p1172: 49 jobs (48 new) | total new so far: 57533
  p1173: 56 jobs (55 new) | total new so far: 57581
  p1174: 54 jobs (53 new) | total new so far: 57636
  p1175: 31 jobs (30 new) | total new so far: 57689
  p1176: 71 jobs (70 new) | total new so far: 57719
  p1177: 43 jobs (42 new) | total new so far: 57789
  p1178: 57 jobs (56 new) | total new so far: 57831
  p1179: 37 jobs (36 new) | total new so far: 57887
  p1180: 42 jobs (41 new) | total new so far: 57923
  p1181: 50 jobs (49 new) | total new so far: 57964
  p1182: 47 jobs (46 new) | total new so far: 58013
  p1183: 42 jobs (41 new) | total new so far: 58059
  p1184: 33 jobs (32 new) | total new so far: 58100
  p1185: 42 jobs (41 new) | total new so far: 58132
  p1186: 34 jobs (33 new) | total new so far: 58173
  p1187: 43 jobs (42 new) | total new so far: 58206
  p1188: 44 jobs (43 new) | total new so far: 58248
  p1189: 53 jobs (52 new) | total new so far: 58291
  p1190: 85 jobs (84 new) | total new so far: 58343
  p1191: 52 jobs (51 new) | total new so far: 58427
  p1192: 29 jobs (28 new) | total new so far: 58478
  p1193: 37 jobs (35 new) | total new so far: 58506
  p1194: 45 jobs (44 new) | total new so far: 58541
  p1195: 36 jobs (35 new) | total new so far: 58585
  p1196: 29 jobs (28 new) | total new so far: 58620
  p1197: 46 jobs (45 new) | total new so far: 58648
  p1198: 53 jobs (52 new) | total new so far: 58693
  p1199: 33 jobs (32 new) | total new so far: 58745
  p1200: 33 jobs (32 new) | total new so far: 58777
  p1201: 46 jobs (45 new) | total new so far: 58809
  p1202: 40 jobs (39 new) | total new so far: 58854
  p1203: 40 jobs (39 new) | total new so far: 58893
  p1204: 49 jobs (48 new) | total new so far: 58932
  p1205: 42 jobs (41 new) | total new so far: 58980
  p1206: 48 jobs (47 new) | total new so far: 59021
  p1207: 113 jobs (112 new) | total new so far: 59068
  p1208: 57 jobs (56 new) | total new so far: 59180
  p1209: 104 jobs (103 new) | total new so far: 59236
  p1210: 37 jobs (36 new) | total new so far: 59339
  p1211: 36 jobs (35 new) | total new so far: 59375
  p1212: 65 jobs (64 new) | total new so far: 59410
  p1213: 32 jobs (31 new) | total new so far: 59474
  p1214: 40 jobs (39 new) | total new so far: 59505
  p1215: 50 jobs (49 new) | total new so far: 59544
  p1216: 48 jobs (47 new) | total new so far: 59593
  p1217: 47 jobs (46 new) | total new so far: 59640
  p1218: 43 jobs (42 new) | total new so far: 59686
  p1219: 76 jobs (75 new) | total new so far: 59728
  p1220: 41 jobs (40 new) | total new so far: 59803
  p1221: 35 jobs (34 new) | total new so far: 59843
  p1222: 33 jobs (32 new) | total new so far: 59877
  p1223: 50 jobs (49 new) | total new so far: 59909
  p1224: 99 jobs (98 new) | total new so far: 59958
  p1225: 54 jobs (53 new) | total new so far: 60056
  p1226: 45 jobs (44 new) | total new so far: 60109
  p1227: 31 jobs (30 new) | total new so far: 60153
  p1228: 42 jobs (41 new) | total new so far: 60183
  p1229: 91 jobs (90 new) | total new so far: 60224
  p1230: 38 jobs (37 new) | total new so far: 60314
  p1231: 61 jobs (60 new) | total new so far: 60351
  p1232: 33 jobs (32 new) | total new so far: 60411
  p1233: 47 jobs (46 new) | total new so far: 60443
  p1234: 38 jobs (37 new) | total new so far: 60489
  p1235: 50 jobs (49 new) | total new so far: 60526
  p1236: 42 jobs (41 new) | total new so far: 60575
  p1237: 43 jobs (42 new) | total new so far: 60616
  p1238: 45 jobs (44 new) | total new so far: 60658
  p1239: 38 jobs (37 new) | total new so far: 60702
  p1240: 60 jobs (59 new) | total new so far: 60739
  p1241: 37 jobs (36 new) | total new so far: 60798
  p1242: 29 jobs (28 new) | total new so far: 60834
  p1243: 40 jobs (39 new) | total new so far: 60862
  p1244: 32 jobs (31 new) | total new so far: 60899
  p1245: 32 jobs (31 new) | total new so far: 60930
  p1246: 90 jobs (89 new) | total new so far: 60959
  p1247: 43 jobs (42 new) | total new so far: 61048
  p1248: 36 jobs (35 new) | total new so far: 61090
  p1249: 58 jobs (57 new) | total new so far: 61125
  p1250: 78 jobs (77 new) | total new so far: 61180
  p1251: 34 jobs (33 new) | total new so far: 61257
  p1252: 27 jobs (26 new) | total new so far: 61290
  p1253: 44 jobs (43 new) | total new so far: 61316
  p1254: 34 jobs (33 new) | total new so far: 61359
  p1255: 48 jobs (47 new) | total new so far: 61392
  p1256: 47 jobs (46 new) | total new so far: 61439
  p1257: 40 jobs (39 new) | total new so far: 61485
  p1258: 50 jobs (49 new) | total new so far: 61524
  p1259: 36 jobs (35 new) | total new so far: 61573
  p1260: 41 jobs (40 new) | total new so far: 61608
  p1261: 53 jobs (52 new) | total new so far: 61648
  p1262: 48 jobs (47 new) | total new so far: 61700
  p1263: 44 jobs (43 new) | total new so far: 61747
  p1264: 40 jobs (39 new) | total new so far: 61790
  p1265: 50 jobs (49 new) | total new so far: 61824
  p1266: 56 jobs (55 new) | total new so far: 61873
  p1267: 46 jobs (45 new) | total new so far: 61928
  p1268: 69 jobs (68 new) | total new so far: 61973
  p1269: 38 jobs (37 new) | total new so far: 62041
  p1270: 38 jobs (37 new) | total new so far: 62078
  p1271: 57 jobs (56 new) | total new so far: 62115
  p1272: 51 jobs (50 new) | total new so far: 62171
  p1273: 41 jobs (40 new) | total new so far: 62221
  p1274: 54 jobs (53 new) | total new so far: 62261
  p1275: 39 jobs (38 new) | total new so far: 62314
  p1276: 28 jobs (27 new) | total new so far: 62352
  p1277: 50 jobs (49 new) | total new so far: 62379
  p1278: 40 jobs (39 new) | total new so far: 62428
  p1279: 39 jobs (38 new) | total new so far: 62467
  p1280: 50 jobs (49 new) | total new so far: 62505
  p1281: 43 jobs (42 new) | total new so far: 62554
  p1282: 32 jobs (31 new) | total new so far: 62596
  p1283: 49 jobs (48 new) | total new so far: 62627
  p1284: 34 jobs (33 new) | total new so far: 62675
  p1285: 64 jobs (63 new) | total new so far: 62708
  p1286: 41 jobs (40 new) | total new so far: 62771
  p1287: 50 jobs (49 new) | total new so far: 62811
  p1288: 31 jobs (30 new) | total new so far: 62860
  p1289: 42 jobs (41 new) | total new so far: 62890
  p1290: 45 jobs (44 new) | total new so far: 62931
  p1291: 64 jobs (63 new) | total new so far: 62975
  p1292: 43 jobs (42 new) | total new so far: 63038
  p1293: 45 jobs (44 new) | total new so far: 63080
  p1294: 60 jobs (59 new) | total new so far: 63124
  p1295: 53 jobs (52 new) | total new so far: 63183
  p1296: 54 jobs (53 new) | total new so far: 63235
  p1297: 41 jobs (40 new) | total new so far: 63288
  p1298: 33 jobs (32 new) | total new so far: 63328
  p1299: 49 jobs (48 new) | total new so far: 63360
  p1300: 31 jobs (30 new) | total new so far: 63408
  p1301: 56 jobs (55 new) | total new so far: 63438
  p1302: 34 jobs (33 new) | total new so far: 63493
  p1303: 52 jobs (51 new) | total new so far: 63526
  p1304: 42 jobs (41 new) | total new so far: 63577
  p1305: 49 jobs (48 new) | total new so far: 63618
  p1306: 54 jobs (53 new) | total new so far: 63666
  p1307: 49 jobs (48 new) | total new so far: 63719
  p1308: 40 jobs (39 new) | total new so far: 63767
  p1309: 66 jobs (65 new) | total new so far: 63806
  p1310: 86 jobs (85 new) | total new so far: 63871
  p1311: 30 jobs (29 new) | total new so far: 63956
  p1312: 49 jobs (48 new) | total new so far: 63985
  p1313: 39 jobs (38 new) | total new so far: 64033
  p1314: 28 jobs (27 new) | total new so far: 64071
  p1315: 47 jobs (46 new) | total new so far: 64098
  p1316: 35 jobs (34 new) | total new so far: 64144
  p1317: 48 jobs (47 new) | total new so far: 64178
  p1318: 47 jobs (46 new) | total new so far: 64225
  p1319: 34 jobs (33 new) | total new so far: 64271
  p1320: 30 jobs (29 new) | total new so far: 64304
  p1321: 51 jobs (50 new) | total new so far: 64333
  p1322: 72 jobs (71 new) | total new so far: 64383
  p1323: 34 jobs (33 new) | total new so far: 64454
  p1324: 32 jobs (31 new) | total new so far: 64487
  p1325: 38 jobs (37 new) | total new so far: 64518
  p1326: 43 jobs (42 new) | total new so far: 64555
  p1327: 35 jobs (34 new) | total new so far: 64597
  p1328: 59 jobs (58 new) | total new so far: 64631
  p1329: 79 jobs (78 new) | total new so far: 64689
  p1330: 44 jobs (43 new) | total new so far: 64767
  p1331: 45 jobs (44 new) | total new so far: 64810
  p1332: 32 jobs (31 new) | total new so far: 64854
  p1333: 42 jobs (41 new) | total new so far: 64885
  p1334: 37 jobs (36 new) | total new so far: 64926
  p1335: 35 jobs (34 new) | total new so far: 64962
  p1336: 52 jobs (51 new) | total new so far: 64996
  p1337: 60 jobs (59 new) | total new so far: 65047
  p1338: 40 jobs (39 new) | total new so far: 65106
  p1339: 44 jobs (43 new) | total new so far: 65145
  p1340: 37 jobs (36 new) | total new so far: 65188
  p1341: 36 jobs (35 new) | total new so far: 65224
  p1342: 56 jobs (55 new) | total new so far: 65259
  p1343: 38 jobs (37 new) | total new so far: 65314
  p1344: 32 jobs (31 new) | total new so far: 65351
  p1345: 46 jobs (45 new) | total new so far: 65382
  p1346: 56 jobs (55 new) | total new so far: 65427
  p1347: 34 jobs (33 new) | total new so far: 65482
  p1348: 39 jobs (38 new) | total new so far: 65515
  p1349: 34 jobs (33 new) | total new so far: 65553
  p1350: 38 jobs (37 new) | total new so far: 65586
  p1351: 35 jobs (34 new) | total new so far: 65623
  p1352: 41 jobs (40 new) | total new so far: 65657
  p1353: 41 jobs (40 new) | total new so far: 65697
  p1354: 58 jobs (57 new) | total new so far: 65737
  p1355: 36 jobs (35 new) | total new so far: 65794
  p1356: 63 jobs (62 new) | total new so far: 65829
  p1357: 54 jobs (53 new) | total new so far: 65891
  p1358: 47 jobs (46 new) | total new so far: 65944
  p1359: 53 jobs (52 new) | total new so far: 65990
  p1360: 47 jobs (46 new) | total new so far: 66042
  p1361: 76 jobs (75 new) | total new so far: 66088
  p1362: 32 jobs (31 new) | total new so far: 66163
  p1363: 40 jobs (39 new) | total new so far: 66194
  p1364: 47 jobs (46 new) | total new so far: 66233
  p1365: 37 jobs (36 new) | total new so far: 66279
  p1366: 33 jobs (32 new) | total new so far: 66315
  p1367: 41 jobs (40 new) | total new so far: 66347
  p1368: 45 jobs (44 new) | total new so far: 66387
  p1369: 36 jobs (35 new) | total new so far: 66431
  p1370: 37 jobs (36 new) | total new so far: 66466
  p1371: 41 jobs (40 new) | total new so far: 66502
  p1372: 49 jobs (48 new) | total new so far: 66542
  p1373: 46 jobs (45 new) | total new so far: 66590
  p1374: 42 jobs (41 new) | total new so far: 66635
  p1375: 34 jobs (33 new) | total new so far: 66676
  p1376: 60 jobs (59 new) | total new so far: 66709
  p1377: 45 jobs (44 new) | total new so far: 66768
  p1378: 40 jobs (39 new) | total new so far: 66812
  p1379: 37 jobs (36 new) | total new so far: 66851
  p1380: 45 jobs (44 new) | total new so far: 66887
  p1381: 89 jobs (88 new) | total new so far: 66931
  p1382: 34 jobs (33 new) | total new so far: 67019
  p1383: 76 jobs (75 new) | total new so far: 67052
  p1384: 53 jobs (52 new) | total new so far: 67127
  p1385: 33 jobs (32 new) | total new so far: 67179
  p1386: 39 jobs (38 new) | total new so far: 67211
  p1387: 52 jobs (51 new) | total new so far: 67249
  p1388: 38 jobs (37 new) | total new so far: 67300
  p1389: 58 jobs (57 new) | total new so far: 67337
  p1390: 33 jobs (32 new) | total new so far: 67394
  p1391: 49 jobs (48 new) | total new so far: 67426
  p1392: 74 jobs (73 new) | total new so far: 67474
  p1393: 34 jobs (33 new) | total new so far: 67547
  p1394: 58 jobs (57 new) | total new so far: 67580
  p1395: 32 jobs (31 new) | total new so far: 67637
  p1396: 45 jobs (44 new) | total new so far: 67668
  p1397: 37 jobs (36 new) | total new so far: 67712
  p1398: 40 jobs (39 new) | total new so far: 67748
  p1399: 69 jobs (68 new) | total new so far: 67787
  p1400: 79 jobs (78 new) | total new so far: 67855
  p1401: 32 jobs (31 new) | total new so far: 67933
  p1402: 49 jobs (48 new) | total new so far: 67964
  p1403: 34 jobs (33 new) | total new so far: 68012
  p1404: 35 jobs (34 new) | total new so far: 68045
  p1405: 52 jobs (51 new) | total new so far: 68079
  p1406: 68 jobs (67 new) | total new so far: 68130
  p1407: 52 jobs (51 new) | total new so far: 68197
  p1408: 33 jobs (32 new) | total new so far: 68248
  p1409: 64 jobs (63 new) | total new so far: 68280
